2024-04-18 00:19:10,407 INFO [main] org.springframework.boot.StartupInfoLogger: Starting SpringSecurityRestJwmApplication using Java 21.0.2 with PID 2024 (C:\Java\Spring-security_REST_JWM\target\classes started by alish in C:\Java\Spring-security_REST_JWM)
2024-04-18 00:19:10,408 INFO [main] org.springframework.boot.SpringApplication: No active profile set, falling back to 1 default profile: "default"
2024-04-18 00:19:10,788 INFO [main] org.springframework.data.repository.config.RepositoryConfigurationDelegate: Bootstrapping Spring Data JPA repositories in DEFAULT mode.
2024-04-18 00:19:10,817 INFO [main] org.springframework.data.repository.config.RepositoryConfigurationDelegate: Finished Spring Data repository scanning in 24 ms. Found 2 JPA repository interfaces.
2024-04-18 00:19:11,153 INFO [main] org.springframework.boot.web.embedded.tomcat.TomcatWebServer: Tomcat initialized with port 8189 (http)
2024-04-18 00:19:11,159 INFO [main] org.apache.juli.logging.DirectJDKLog: Initializing ProtocolHandler ["http-nio-8189"]
2024-04-18 00:19:11,160 INFO [main] org.apache.juli.logging.DirectJDKLog: Starting service [Tomcat]
2024-04-18 00:19:11,160 INFO [main] org.apache.juli.logging.DirectJDKLog: Starting Servlet engine: [Apache Tomcat/10.1.19]
2024-04-18 00:19:11,191 INFO [main] org.apache.juli.logging.DirectJDKLog: Initializing Spring embedded WebApplicationContext
2024-04-18 00:19:11,192 INFO [main] org.springframework.boot.web.servlet.context.ServletWebServerApplicationContext: Root WebApplicationContext: initialization completed in 760 ms
2024-04-18 00:19:11,223 INFO [main] com.zaxxer.hikari.HikariDataSource: HikariPool-1 - Starting...
2024-04-18 00:19:11,362 INFO [main] com.zaxxer.hikari.pool.HikariPool: HikariPool-1 - Added connection conn0: url=jdbc:h2:file:./users user=SA
2024-04-18 00:19:11,364 INFO [main] com.zaxxer.hikari.HikariDataSource: HikariPool-1 - Start completed.
2024-04-18 00:19:11,371 INFO [main] org.springframework.boot.autoconfigure.h2.H2ConsoleAutoConfiguration: H2 console available at '/h2-console'. Database available at 'jdbc:h2:file:./users'
2024-04-18 00:19:11,472 INFO [main] org.flywaydb.core.internal.logging.slf4j.Slf4jLog: Flyway Community Edition 9.22.3 by Redgate
2024-04-18 00:19:11,472 INFO [main] org.flywaydb.core.internal.logging.slf4j.Slf4jLog: See release notes here: https://rd.gt/416ObMi
2024-04-18 00:19:11,472 INFO [main] org.flywaydb.core.internal.logging.slf4j.Slf4jLog: 
2024-04-18 00:19:11,496 INFO [main] org.flywaydb.core.internal.logging.slf4j.Slf4jLog: Database: jdbc:h2:file:./users (H2 2.2)
2024-04-18 00:19:11,500 WARN [main] org.flywaydb.core.internal.logging.slf4j.Slf4jLog: Flyway upgrade recommended: H2 2.2.224 is newer than this version of Flyway and support has not been tested. The latest supported version of H2 is 2.2.220.
2024-04-18 00:19:11,515 INFO [main] org.flywaydb.core.internal.logging.slf4j.Slf4jLog: Successfully validated 1 migration (execution time 00:00.009s)
2024-04-18 00:19:11,519 INFO [main] org.flywaydb.core.internal.logging.slf4j.Slf4jLog: Current version of schema "PUBLIC": 1
2024-04-18 00:19:11,520 INFO [main] org.flywaydb.core.internal.logging.slf4j.Slf4jLog: Schema "PUBLIC" is up to date. No migration necessary.
2024-04-18 00:19:11,573 INFO [main] org.hibernate.jpa.internal.util.LogHelper: HHH000204: Processing PersistenceUnitInfo [name: default]
2024-04-18 00:19:11,607 INFO [main] org.hibernate.Version: HHH000412: Hibernate ORM core version 6.4.4.Final
2024-04-18 00:19:11,626 INFO [main] org.hibernate.cache.internal.RegionFactoryInitiator: HHH000026: Second-level cache disabled
2024-04-18 00:19:11,761 INFO [main] org.springframework.orm.jpa.persistenceunit.SpringPersistenceUnitInfo: No LoadTimeWeaver setup: ignoring JPA class transformer
2024-04-18 00:19:11,784 WARN [main] org.hibernate.engine.jdbc.dialect.internal.DialectFactoryImpl: HHH90000025: H2Dialect does not need to be specified explicitly using 'hibernate.dialect' (remove the property setting and it will be selected by default)
2024-04-18 00:19:12,282 INFO [main] org.hibernate.engine.transaction.jta.platform.internal.JtaPlatformInitiator: HHH000489: No JTA platform available (set 'hibernate.transaction.jta.platform' to enable JTA platform integration)
2024-04-18 00:19:12,284 INFO [main] org.springframework.orm.jpa.AbstractEntityManagerFactoryBean: Initialized JPA EntityManagerFactory for persistence unit 'default'
2024-04-18 00:19:12,513 WARN [main] org.springframework.boot.autoconfigure.orm.jpa.JpaBaseConfiguration$JpaWebConfiguration: spring.jpa.open-in-view is enabled by default. Therefore, database queries may be performed during view rendering. Explicitly configure spring.jpa.open-in-view to disable this warning
2024-04-18 00:19:12,692 INFO [main] org.springframework.security.web.DefaultSecurityFilterChain: Will secure any request with [org.springframework.security.web.session.DisableEncodeUrlFilter@7828bc6b, org.springframework.security.web.context.request.async.WebAsyncManagerIntegrationFilter@2f59cb6f, org.springframework.security.web.context.SecurityContextHolderFilter@3ed2a30c, org.springframework.security.web.header.HeaderWriterFilter@779cda39, org.springframework.security.web.authentication.logout.LogoutFilter@3c00da24, ru.spring.springboot.springsecurity_rest_jwm.configs.JwtRequestFilter@242ff747, org.springframework.security.web.savedrequest.RequestCacheAwareFilter@3c6d3ba, org.springframework.security.web.servletapi.SecurityContextHolderAwareRequestFilter@5d3f583d, org.springframework.security.web.authentication.AnonymousAuthenticationFilter@60cbba57, org.springframework.security.web.session.SessionManagementFilter@76685ab0, org.springframework.security.web.access.ExceptionTranslationFilter@37f60cd4, org.springframework.security.web.access.intercept.AuthorizationFilter@569026df]
2024-04-18 00:19:12,881 INFO [main] org.apache.juli.logging.DirectJDKLog: Starting ProtocolHandler ["http-nio-8189"]
2024-04-18 00:19:12,892 INFO [main] org.springframework.boot.web.embedded.tomcat.TomcatWebServer: Tomcat started on port 8189 (http) with context path '/demo'
2024-04-18 00:19:12,897 INFO [main] org.springframework.boot.StartupInfoLogger: Started SpringSecurityRestJwmApplication in 2.701 seconds (process running for 3.236)
2024-04-18 00:19:18,148 INFO [http-nio-8189-exec-2] org.apache.juli.logging.DirectJDKLog: Initializing Spring DispatcherServlet 'dispatcherServlet'
2024-04-18 00:19:18,148 INFO [http-nio-8189-exec-2] org.springframework.web.servlet.FrameworkServlet: Initializing Servlet 'dispatcherServlet'
2024-04-18 00:19:18,149 INFO [http-nio-8189-exec-2] org.springframework.web.servlet.FrameworkServlet: Completed initialization in 1 ms
2024-04-18 00:19:18,228 INFO [http-nio-8189-exec-2] ru.spring.springboot.springsecurity_rest_jwm.configs.JwtRequestFilter: Время токена вышло
2024-04-18 00:19:27,083 INFO [SpringApplicationShutdownHook] org.springframework.orm.jpa.AbstractEntityManagerFactoryBean: Closing JPA EntityManagerFactory for persistence unit 'default'
2024-04-18 00:19:27,084 INFO [SpringApplicationShutdownHook] com.zaxxer.hikari.HikariDataSource: HikariPool-1 - Shutdown initiated...
2024-04-18 00:19:27,085 INFO [SpringApplicationShutdownHook] com.zaxxer.hikari.HikariDataSource: HikariPool-1 - Shutdown completed.
